...found 14 targets...
...updating 8 targets...
common.mkdir bin.v2
common.mkdir bin.v2/libs
common.mkdir bin.v2/libs/regex
common.mkdir bin.v2/libs/regex/build
common.mkdir bin.v2/libs/regex/build/darwin-4.2.1
common.mkdir bin.v2/libs/regex/build/darwin-4.2.1/debug
darwin.compile.c++ bin.v2/libs/regex/build/darwin-4.2.1/debug/has_icu_test.o
libs/regex/build/has_icu_test.cpp:12:30: error: unicode/uversion.h: No such file or directory
libs/regex/build/has_icu_test.cpp:13:28: error: unicode/utypes.h: No such file or directory
libs/regex/build/has_icu_test.cpp:14:27: error: unicode/uchar.h: No such file or directory
libs/regex/build/has_icu_test.cpp:15:26: error: unicode/coll.h: No such file or directory
libs/regex/build/has_icu_test.cpp: In function ‘int main()’:
libs/regex/build/has_icu_test.cpp:23: error: ‘UErrorCode’ was not declared in this scope
libs/regex/build/has_icu_test.cpp:23: error: expected `;' before ‘err’
libs/regex/build/has_icu_test.cpp:24: error: ‘UChar32’ was not declared in this scope
libs/regex/build/has_icu_test.cpp:24: error: expected `;' before ‘c’
libs/regex/build/has_icu_test.cpp:25: error: ‘err’ was not declared in this scope

    "g++"  -ftemplate-depth-128 -O0 -fno-inline -Wall -pedantic -g -dynamic -no-cpp-precomp -gdwarf-2 -fexceptions -fPIC  -DBOOST_ALL_NO_LIB=1 -DBOOST_HAS_ICU=1  -I"." -c -o "bin.v2/libs/regex/build/darwin-4.2.1/debug/has_icu_test.o" "libs/regex/build/has_icu_test.cpp"

...failed darwin.compile.c++ bin.v2/libs/regex/build/darwin-4.2.1/debug/has_icu_test.o...
...skipped <pbin.v2/libs/regex/build/darwin-4.2.1/debug>has_icu for lack of <pbin.v2/libs/regex/build/darwin-4.2.1/debug>has_icu_test.o...
...failed updating 1 target...
...skipped 1 target...
...updated 6 targets...
...found 9 targets...
...updating 6 targets...
common.mkdir bin.v2/libs/locale
common.mkdir bin.v2/libs/locale/build
common.mkdir bin.v2/libs/locale/build/darwin-4.2.1
common.mkdir bin.v2/libs/locale/build/darwin-4.2.1/debug
darwin.compile.c++ bin.v2/libs/locale/build/darwin-4.2.1/debug/has_iconv_libc_obj.o
darwin.link bin.v2/libs/locale/build/darwin-4.2.1/debug/has_iconv
Undefined symbols for architecture x86_64:
  "_iconv_open", referenced from:
      _main in has_iconv_libc_obj.o
ld: symbol(s) not found for architecture x86_64
collect2: ld returned 1 exit status

    "g++"  -o "bin.v2/libs/locale/build/darwin-4.2.1/debug/has_iconv" "bin.v2/libs/locale/build/darwin-4.2.1/debug/has_iconv_libc_obj.o"       -g 
       

...failed darwin.link bin.v2/libs/locale/build/darwin-4.2.1/debug/has_iconv...
...failed updating 1 target...
...updated 5 targets...
...found 2 targets...
...updating 2 targets...
darwin.compile.c++ bin.v2/libs/locale/build/darwin-4.2.1/debug/has_iconv_libc_ext.o
darwin.link bin.v2/libs/locale/build/darwin-4.2.1/debug/has_external_iconv
...updated 2 targets...
...found 5 targets...
...updating 2 targets...
darwin.compile.c++ bin.v2/libs/locale/build/darwin-4.2.1/debug/has_icu_obj.o
libs/locale/src/../build/has_icu_test.cpp:12:30: error: unicode/uversion.h: No such file or directory
libs/locale/src/../build/has_icu_test.cpp:13:27: error: unicode/locid.h: No such file or directory
libs/locale/src/../build/has_icu_test.cpp:14:28: error: unicode/utypes.h: No such file or directory
libs/locale/src/../build/has_icu_test.cpp:15:27: error: unicode/uchar.h: No such file or directory
libs/locale/src/../build/has_icu_test.cpp:16:26: error: unicode/coll.h: No such file or directory
libs/locale/src/../build/has_icu_test.cpp: In function ‘int main()’:
libs/locale/src/../build/has_icu_test.cpp:24: error: ‘icu’ has not been declared
libs/locale/src/../build/has_icu_test.cpp:24: error: expected `;' before ‘loc’
libs/locale/src/../build/has_icu_test.cpp:25: error: ‘UErrorCode’ was not declared in this scope
libs/locale/src/../build/has_icu_test.cpp:25: error: expected `;' before ‘err’
libs/locale/src/../build/has_icu_test.cpp:26: error: ‘UChar32’ was not declared in this scope
libs/locale/src/../build/has_icu_test.cpp:26: error: expected `;' before ‘c’
libs/locale/src/../build/has_icu_test.cpp:27: error: ‘err’ was not declared in this scope

    "g++"  -ftemplate-depth-128 -O0 -fno-inline -Wall -g -dynamic -no-cpp-precomp -gdwarf-2 -fexceptions -fPIC  -DBOOST_ALL_NO_LIB=1  -I"." -c -o "bin.v2/libs/locale/build/darwin-4.2.1/debug/has_icu_obj.o" "libs/locale/src/../build/has_icu_test.cpp"

...failed darwin.compile.c++ bin.v2/libs/locale/build/darwin-4.2.1/debug/has_icu_obj.o...
...skipped <pbin.v2/libs/locale/build/darwin-4.2.1/debug>has_icu for lack of <pbin.v2/libs/locale/build/darwin-4.2.1/debug>has_icu_obj.o...
...failed updating 1 target...
...skipped 1 target...
...found 2 targets...
...updating 2 targets...
darwin.compile.c++ bin.v2/libs/locale/build/darwin-4.2.1/debug/has_icu64_obj.o
libs/locale/src/../build/has_icu_test.cpp:12:30: error: unicode/uversion.h: No such file or directory
libs/locale/src/../build/has_icu_test.cpp:13:27: error: unicode/locid.h: No such file or directory
libs/locale/src/../build/has_icu_test.cpp:14:28: error: unicode/utypes.h: No such file or directory
libs/locale/src/../build/has_icu_test.cpp:15:27: error: unicode/uchar.h: No such file or directory
libs/locale/src/../build/has_icu_test.cpp:16:26: error: unicode/coll.h: No such file or directory
libs/locale/src/../build/has_icu_test.cpp: In function ‘int main()’:
libs/locale/src/../build/has_icu_test.cpp:24: error: ‘icu’ has not been declared
libs/locale/src/../build/has_icu_test.cpp:24: error: expected `;' before ‘loc’
libs/locale/src/../build/has_icu_test.cpp:25: error: ‘UErrorCode’ was not declared in this scope
libs/locale/src/../build/has_icu_test.cpp:25: error: expected `;' before ‘err’
libs/locale/src/../build/has_icu_test.cpp:26: error: ‘UChar32’ was not declared in this scope
libs/locale/src/../build/has_icu_test.cpp:26: error: expected `;' before ‘c’
libs/locale/src/../build/has_icu_test.cpp:27: error: ‘err’ was not declared in this scope

    "g++"  -ftemplate-depth-128 -O0 -fno-inline -Wall -g -dynamic -no-cpp-precomp -gdwarf-2 -fexceptions -fPIC  -DBOOST_ALL_NO_LIB=1  -I"." -c -o "bin.v2/libs/locale/build/darwin-4.2.1/debug/has_icu64_obj.o" "libs/locale/src/../build/has_icu_test.cpp"

...failed darwin.compile.c++ bin.v2/libs/locale/build/darwin-4.2.1/debug/has_icu64_obj.o...
...skipped <pbin.v2/libs/locale/build/darwin-4.2.1/debug>has_icu64 for lack of <pbin.v2/libs/locale/build/darwin-4.2.1/debug>has_icu64_obj.o...
...failed updating 1 target...
...skipped 1 target...
...found 7 targets...
...updating 5 targets...
common.mkdir bin.v2/libs/math
common.mkdir bin.v2/libs/math/config
common.mkdir bin.v2/libs/math/config/darwin-4.2.1
common.mkdir bin.v2/libs/math/config/darwin-4.2.1/debug
darwin.compile.c++ bin.v2/libs/math/config/darwin-4.2.1/debug/has_gcc_visibility.o
...updated 5 targets...
...found 47 targets...
...updating 1 target...
darwin.compile.c++ bin.v2/libs/math/config/darwin-4.2.1/debug/has_long_double_support.o
...updated 1 target...
